This is pdfeTeXk, Version 3.141592-1.11a-2.1 (Web2C 7.5.2) (format=pdflatex 2003.11.28)  15 MAR 2004 14:50
entering extended mode
 %&-line parsing enabled.
 (/usr/local/teTeX/share/texmf.tetex/web2c/cp8bit.tcx)
**DA
(./DA.tex{/usr/local/teTeX/share/texmf.local/pdftex/config/pdftex.cfg}
LaTeX2e <2001/06/01>
Babel <v3.7h> and hyphenation patterns for american, british, french, german, n
german, greek, italian, latin, nohyphenation, loaded.
(/usr/local/teTeX/share/texmf.tetex/tex/latex/base/book.cls
Document Class: book 2001/04/21 v1.4e Standard LaTeX document class
(/usr/local/teTeX/share/texmf.tetex/tex/latex/base/bk12.clo
File: bk12.clo 2001/04/21 v1.4e Standard LaTeX file (size option)
)
\c@part=\count79
\c@chapter=\count80
\c@section=\count81
\c@subsection=\count82
\c@subsubsection=\count83
\c@paragraph=\count84
\c@subparagraph=\count85
\c@figure=\count86
\c@table=\count87
\abovecaptionskip=\skip41
\belowcaptionskip=\skip42
\bibindent=\dimen102
)
(/usr/local/teTeX/share/texmf.tetex/tex/latex/graphics/graphicx.sty
Package: graphicx 1999/02/16 v1.0f Enhanced LaTeX Graphics (DPC,SPQR)

(/usr/local/teTeX/share/texmf.tetex/tex/latex/graphics/keyval.sty
Package: keyval 1999/03/16 v1.13 key=value parser (DPC)
\KV@toks@=\toks14
)
(/usr/local/teTeX/share/texmf.tetex/tex/latex/graphics/graphics.sty
Package: graphics 2001/07/07 v1.0n Standard LaTeX Graphics (DPC,SPQR)

(/usr/local/teTeX/share/texmf.tetex/tex/latex/graphics/trig.sty
Package: trig 1999/03/16 v1.09 sin cos tan (DPC)
)
(/usr/local/teTeX/share/texmf.tetex/tex/latex/config/graphics.cfg
File: graphics.cfg 2001/08/31 v1.1 graphics configuration of teTeX/TeXLive
)
Package graphics Info: Driver file: pdftex.def on input line 80.

(/usr/local/teTeX/share/texmf.tetex/tex/latex/graphics/pdftex.def
File: pdftex.def 2002/06/19 v0.03k graphics/color for pdftex
\Gread@gobject=\count88
))
\Gin@req@height=\dimen103
\Gin@req@width=\dimen104
)
(/usr/local/teTeX/share/texmf.tetex/tex/latex/hyperref/hyperref.sty
Package: hyperref 2003/01/22 v6.73n Hypertext links for LaTeX
\@linkdim=\dimen105
\Hy@linkcounter=\count89
\Hy@pagecounter=\count90

(/usr/local/teTeX/share/texmf.tetex/tex/latex/hyperref/pd1enc.def
File: pd1enc.def 2003/01/22 v6.73n Hyperref: PDFDocEncoding definition (HO)
)
(/usr/local/teTeX/share/texmf.tetex/tex/latex/config/hyperref.cfg
File: hyperref.cfg 2002/06/06 v1.2 hyperref configuration of TeXLive and teTeX
)
Package hyperref Info: Option `colorlinks' set `true' on input line 1744.
Package hyperref Info: Hyper figures OFF on input line 1792.
Package hyperref Info: Link nesting OFF on input line 1797.
Package hyperref Info: Hyper index ON on input line 1800.
Package hyperref Info: Plain pages ON on input line 1805.
Package hyperref Info: Backreferencing OFF on input line 1812.

Implicit mode ON; LaTeX internals redefined
Package hyperref Info: Bookmarks ON on input line 1916.
(/usr/local/teTeX/share/texmf.local/tex/latex/html/url.sty
Package: url 1999/03/02  ver 1.4  Verb mode for urls, email addresses, and file
 names
)
LaTeX Info: Redefining \url on input line 2055.
\Fld@menulength=\count91
\Field@Width=\dimen106
\Fld@charsize=\dimen107
\Choice@toks=\toks15
\Field@toks=\toks16
Package hyperref Info: Hyper figures OFF on input line 2513.
Package hyperref Info: Link nesting OFF on input line 2518.
Package hyperref Info: Hyper index ON on input line 2521.
Package hyperref Info: backreferencing OFF on input line 2528.
Package hyperref Info: Link coloring ON on input line 2531.
\c@Item=\count92
\c@Hfootnote=\count93
)
*hyperref using driver hpdftex*
(/usr/local/teTeX/share/texmf.tetex/tex/latex/hyperref/hpdftex.def
File: hpdftex.def 2003/01/22 v6.73n Hyperref driver for pdfTeX

(/usr/local/teTeX/share/texmf.tetex/tex/latex/psnfss/pifont.sty
Package: pifont 2002/09/08 PSNFSS-v9.0a Pi font support (SPQR) 
LaTeX Font Info:    Try loading font information for U+pzd on input line 62.

(/usr/local/teTeX/share/texmf.tetex/tex/latex/psnfss/upzd.fd
File: upzd.fd 2001/06/04 font definitions for U/pzd.
)
LaTeX Font Info:    Try loading font information for U+psy on input line 63.

(/usr/local/teTeX/share/texmf.tetex/tex/latex/psnfss/upsy.fd
File: upsy.fd 2001/06/04 font definitions for U/psy.
))
\Fld@listcount=\count94
\@outlinefile=\write3
)
(/usr/local/teTeX/share/texmf.tetex/tex/latex/oberdiek/epstopdf.sty
Package: epstopdf 2001/02/04 v1.1 Conversion with epstopdf on the fly (HO)
)
(/usr/local/teTeX/share/texmf.tetex/tex/latex/amsfonts/amssymb.sty
Package: amssymb 2002/01/22 v2.2d

(/usr/local/teTeX/share/texmf.tetex/tex/latex/amsfonts/amsfonts.sty
Package: amsfonts 2001/10/25 v2.2f
\@emptytoks=\toks17
\symAMSa=\mathgroup4
\symAMSb=\mathgroup5
LaTeX Font Info:    Overwriting math alphabet `\mathfrak' in version `bold'
(Font)                  U/euf/m/n --> U/euf/b/n on input line 132.
))
(/usr/local/teTeX/share/texmf.tetex/tex/latex/misc/wrapfig.sty
\wrapoverhang=\dimen108
\WF@size=\dimen109
\c@WF@wrappedlines=\count95
\WF@box=\box26
\WF@everypar=\toks18
Package: wrapfig 2003/01/31  v 3.6
)
(/usr/local/teTeX/share/texmf.tetex/tex/latex/misc/psfrag.sty
Package: psfrag 1998/04/11 v3.04 PSfrag (MCG)
\pfg@pcount=\count96
\pfg@scount=\count97
\pfg@temp=\write4
)
(/usr/local/teTeX/share/texmf.tetex/tex/latex/ntgclass/a4.sty
Package: a4 1999/03/03 v1.2f A4 based page layout
)
(/usr/local/teTeX/share/texmf.tetex/tex/latex/misc/float.sty
Package: float 2001/11/08 v1.3d Float enhancements (AL)
\c@float@type=\count98
\float@exts=\toks19
\float@box=\box27
\@float@everytoks=\toks20
\@floatcapt=\box28
)
(/usr/local/teTeX/share/texmf.tetex/tex/latex/misc/subfigure.sty
Package: subfigure 2002/07/30 v2.1.4 subfigure package
\subfigtopskip=\skip43
\subfigcapskip=\skip44
\subfigcaptopadj=\dimen110
\subfigbottomskip=\skip45
\subfigcapmargin=\dimen111
\subfiglabelskip=\skip46
\c@subfigure=\count99
\c@lofdepth=\count100
\c@subtable=\count101
\c@lotdepth=\count102
\subfig@top=\skip47
\subfig@bottom=\skip48
)
(/usr/local/teTeX/share/texmf.tetex/tex/latex/fancyhdr/fancyhdr.sty
\headwidth=\dimen112
)
(/usr/local/teTeX/share/texmf.tetex/tex/latex/caption/caption.sty
Package: caption 1995/04/05 v1.4b caption package (AS)
\captionmargin=\skip49

         `subfigure' package detected
\as@captionbox=\box29
\as@captionwidth=\skip50
         `float' package detected
)
\c@definition=\count103
 (./DA.aux

LaTeX Warning: Label `eq:trap' multiply defined.


LaTeX Warning: Label `eq:scattering' multiply defined.

)
\openout1 = `DA.aux'.

LaTeX Font Info:    Checking defaults for OML/cmm/m/it on input line 67.
LaTeX Font Info:    ... okay on input line 67.
LaTeX Font Info:    Checking defaults for T1/cmr/m/n on input line 67.
LaTeX Font Info:    ... okay on input line 67.
LaTeX Font Info:    Checking defaults for OT1/cmr/m/n on input line 67.
LaTeX Font Info:    ... okay on input line 67.
LaTeX Font Info:    Checking defaults for OMS/cmsy/m/n on input line 67.
LaTeX Font Info:    ... okay on input line 67.
LaTeX Font Info:    Checking defaults for OMX/cmex/m/n on input line 67.
LaTeX Font Info:    ... okay on input line 67.
LaTeX Font Info:    Checking defaults for U/cmr/m/n on input line 67.
LaTeX Font Info:    ... okay on input line 67.
LaTeX Font Info:    Checking defaults for PD1/pdf/m/n on input line 67.
LaTeX Font Info:    ... okay on input line 67.
 (/usr/local/teTeX/share/texmf.tetex/tex/context/base/supp-pdf.tex
(/usr/local/teTeX/share/texmf.tetex/tex/context/base/supp-mis.tex
loading : Context Support Macros / Missing
\protectiondepth=\count104
\scratchcounter=\count105
\scratchtoks=\toks21
\scratchdimen=\dimen113
\scratchskip=\skip51
\scratchmuskip=\muskip10
\scratchbox=\box30
\scratchread=\read1
\scratchwrite=\write5
\zeropoint=\dimen114
\minusone=\count106
\thousandpoint=\dimen115
\emptytoks=\toks22
\nextbox=\box31
\nextdepth=\dimen116
\everyline=\toks23
\!!counta=\count107
\!!countb=\count108
\recursecounter=\count109
)
loading : Context Support Macros / PDF
\nofMPsegments=\count110
\nofMParguments=\count111
\everyMPtoPDFconversion=\toks24
) (/usr/local/teTeX/share/texmf.tetex/tex/latex/graphics/color.sty
Package: color 1999/02/16 v1.0i Standard LaTeX Color (DPC)
LaTeX Info: Redefining \color on input line 71.

(/usr/local/teTeX/share/texmf.tetex/tex/latex/config/color.cfg
File: color.cfg 2001/08/31 v1.1 color configuration of teTeX/TeXLive
)
Package color Info: Driver file: pdftex.def on input line 125.
)
Package hyperref Info: Link coloring ON on input line 67.

(/usr/local/teTeX/share/texmf.tetex/tex/latex/hyperref/nameref.sty
Package: nameref 2001/01/27 v2.19 Cross-referencing by name of section
\c@section@level=\count112
)
LaTeX Info: Redefining \ref on input line 67.
LaTeX Info: Redefining \pageref on input line 67.
 (./DA.out)
(./DA.out)
\openout3 = `DA.out'.

 [1
Non-PDF special ignored!


{/usr/local/teTeX/share/texmf.local/fonts/map/pdftex/updmap/pdftex.map
Warning: pdflatex (file /usr/local/teTeX/share/texmf.local/fonts/map/pdftex/upd
map/pdftex.map): entry for `mtex' already exists, duplicates ignored

Warning: pdflatex (file /usr/local/teTeX/share/texmf.local/fonts/map/pdftex/upd
map/pdftex.map): entry for `mtsy' already exists, duplicates ignored

Warning: pdflatex (file /usr/local/teTeX/share/texmf.local/fonts/map/pdftex/upd
map/pdftex.map): entry for `rmtmi' already exists, duplicates ignored
}] [2

] [3] [4


] (./DA.toc
LaTeX Font Info:    Try loading font information for U+msa on input line 2.

(/usr/local/teTeX/share/texmf.tetex/tex/latex/amsfonts/umsa.fd
File: umsa.fd 2002/01/19 v2.2g AMS font definitions
)
LaTeX Font Info:    Try loading font information for U+msb on input line 2.

(/usr/local/teTeX/share/texmf.tetex/tex/latex/amsfonts/umsb.fd
File: umsb.fd 2002/01/19 v2.2g AMS font definitions
)
! pdfTeX warning (ext4): destination with the same identifier (name{page.1}) ha
s been already used, duplicate ignored
<to be read again> 
                   \penalty 
l.32 ...f Momentum Distributions}{34}{section.4.4}
                                                   [1

])
\tf@toc=\write6
\openout6 = `DA.toc'.


! pdfTeX warning (ext4): destination with the same identifier (name{page.2}) ha
s been already used, duplicate ignored
<to be read again> 
                   \penalty 
l.98 \chapter
             *{Introduction}

Package Fancyhdr Warning: \headheight is too small (12.0pt): 
 Make it at least 14.49998pt.
 We now make it that large for the rest of the document.
 This may cause the page layout to be inconsistent, however.

[2]
! pdfTeX warning (ext4): destination with the same identifier (name{page.3}) ha
s been already used, duplicate ignored
<to be read again> 
                   \penalty 
l.110 \chapter
              {Basics of Bose-Einstein Condensation}\label{ch:BEC} [3

]
! pdfTeX warning (ext4): destination with the same identifier (name{page.4}) ha
s been already used, duplicate ignored
<to be read again> 
                   \penalty 
l.110 \chapter
              {Basics of Bose-Einstein Condensation}\label{ch:BEC} [4

]
Chapter 1.
(./BEC.tex [5] [6] <figures/WFk0g1.pdf, id=282, 845.1575pt x 597.23125pt>
File: figures/WFk0g1.pdf Graphic file (type pdf)

<use figures/WFk0g1.pdf>
Overfull \hbox (10.63895pt too wide) in paragraph at lines 100--102
 [] 
 []

[7] <figures/WFk0g5.pdf, id=298, 845.1575pt x 597.23125pt>
File: figures/WFk0g5.pdf Graphic file (type pdf)

<use figures/WFk0g5.pdf>
Overfull \hbox (10.63895pt too wide) in paragraph at lines 110--111
 [] 
 []

[8
! pdfTeX warning (ext4): destination with the same identifier (name{figure.1.1}
) has been already used, duplicate ignored
<to be read again> 
                   \endgroup \set@typeset@protect 
l.115 
       <./figures/WFk0g1.pdf>]) (./KI.tex [9
! pdfTeX warning (ext4): destination with the same identifier (name{figure.1.2}
) has been already used, duplicate ignored
<to be read again> 
                   \endgroup \set@typeset@protect 
l.16 
      <./figures/WFk0g5.pdf>]
<figures/zhang.pdf, id=335, 484.81125pt x 397.485pt>
File: figures/zhang.pdf Graphic file (type pdf)
 <use figures/zhang.pdf>
! pdfTeX warning (ext4): destination with the same identifier (name{equation.1.
7}) has been already used, duplicate ignored
<to be read again> 
                   \penalty 
l.37 \begin{equation}
                     \label{eq:HO}
! pdfTeX warning (ext4): destination with the same identifier (name{equation.1.
7}) has been already used, duplicate ignored
<to be read again> 
                   \penalty 
l.37 \begin{equation}
                     \label{eq:HO}
! pdfTeX warning (ext4): destination with the same identifier (name{equation.1.
7}) has been already used, duplicate ignored
<to be read again> 
                   \penalty 
l.37 \begin{equation}
                     \label{eq:HO}
! pdfTeX warning (ext4): destination with the same identifier (name{equation.1.
7}) has been already used, duplicate ignored
<to be read again> 
                   \penalty 
l.37 \begin{equation}
                     \label{eq:HO} [10
! pdfTeX warning (ext4): destination with the same identifier (name{figure.1.3}
) has been already used, duplicate ignored
<to be read again> 
                   \endgroup \set@typeset@protect 
l.39 \end{equation}
                    <./figures/zhang.pdf>] [11]
<figures/confirm.pdf, id=362, 679.53876pt x 463.7325pt>
File: figures/confirm.pdf Graphic file (type pdf)

<use figures/confirm.pdf>
<figures/confirm2.pdf, id=363, 679.53876pt x 468.75125pt>
File: figures/confirm2.pdf Graphic file (type pdf)

<use figures/confirm2.pdf>) [12
! pdfTeX warning (ext4): destination with the same identifier (name{figure.1.4}
) has been already used, duplicate ignored
<to be read again> 
                   \endgroup \set@typeset@protect 
l.113 
       <./figures/confirm.pdf>] [13
! pdfTeX warning (ext4): destination with the same identifier (name{figure.1.5}
) has been already used, duplicate ignored
<to be read again> 
                   \endgroup \set@typeset@protect 
l.114 \chapter
              {The Gross-Pitaevskii Equation} <./figures/confirm2.pdf>]
[14

]
Chapter 2.
(./GP.tex [15] [16] [17] [18] [19]
<figures/pic.pdf, id=459, 319.1925pt x 212.795pt>
File: figures/pic.pdf Graphic file (type pdf)
 <use figures/pic.pdf>
[20] <figures/WFSnolax0g1&5.pdf, id=472, 845.1575pt x 597.23125pt>
File: figures/WFSnolax0g1&5.pdf Graphic file (type pdf)

<use figures/WFSnolax0g1&5.pdf>
Overfull \hbox (95.15965pt too wide) in paragraph at lines 168--169
 [] 
 []

[21
! pdfTeX warning (ext4): destination with the same identifier (name{figure.2.1}
) has been already used, duplicate ignored
<to be read again> 
                   \endgroup \set@typeset@protect 
l.173 
       <./figures/pic.pdf>]
! pdfTeX warning (ext4): destination with the same identifier (name{equation.2.
18}) has been already used, duplicate ignored
<to be read again> 
                   \penalty 
l.178 \begin{equation}
                      \label{eq:GrossPitaevskiit}
! pdfTeX warning (ext4): destination with the same identifier (name{equation.2.
18}) has been already used, duplicate ignored
<to be read again> 
                   \penalty 
l.178 \begin{equation}
                      \label{eq:GrossPitaevskiit}
! pdfTeX warning (ext4): destination with the same identifier (name{equation.2.
18}) has been already used, duplicate ignored
<to be read again> 
                   \penalty 
l.178 \begin{equation}
                      \label{eq:GrossPitaevskiit}
! pdfTeX warning (ext4): destination with the same identifier (name{equation.2.
18}) has been already used, duplicate ignored
<to be read again> 
                   \penalty 
l.178 \begin{equation}
                      \label{eq:GrossPitaevskiit}) [22
! pdfTeX warning (ext4): destination with the same identifier (name{figure.2.2}
) has been already used, duplicate ignored
<to be read again> 
                   \endgroup \set@typeset@protect 
l.120 \chapter
              {Numerical Methods} <./figures/WFSnolax0g1&5.pdf>]
Chapter 3.
(./SS.tex [23

]
Overfull \hbox (27.21803pt too wide) in alignment at lines 55--61
 [][][] []
 []

[24] [25] [26]
Underfull \hbox (badness 10000) in paragraph at lines 153--159

 []

[27]) [28]
Chapter 4.
(./RE.tex [29

] <figures/PSkto3.pdf, id=581, 845.1575pt x 597.23125pt>
File: figures/PSkto3.pdf Graphic file (type pdf)

<use figures/PSkto3.pdf>
Overfull \hbox (95.15965pt too wide) in paragraph at lines 22--23
 [] 
 []

<figures/PSk6.pdf, id=582, 845.1575pt x 597.23125pt>
File: figures/PSk6.pdf Graphic file (type pdf)
 <use figures/PSk6.pdf>
Overfull \hbox (95.15965pt too wide) in paragraph at lines 32--33
 [] 
 []

[30
! pdfTeX warning (ext4): destination with the same identifier (name{figure.4.1}
) has been already used, duplicate ignored
<to be read again> 
                   \endgroup \set@typeset@protect 
l.36 \end{figure}
                  <./figures/PSkto3.pdf>]
<figures/PSnolakto3.pdf, id=593, 845.1575pt x 597.23125pt>
File: figures/PSnolakto3.pdf Graphic file (type pdf)

<use figures/PSnolakto3.pdf>
Overfull \hbox (95.15965pt too wide) in paragraph at lines 43--44
 [] 
 []

[31
! pdfTeX warning (ext4): destination with the same identifier (name{figure.4.2}
) has been already used, duplicate ignored
<to be read again> 
                   \endgroup \set@typeset@protect 
l.48 
      <./figures/PSk6.pdf>] [32
! pdfTeX warning (ext4): destination with the same identifier (name{figure.4.3}
) has been already used, duplicate ignored
<to be read again> 
                   \endgroup \set@typeset@protect 
l.51 
      <./figures/PSnolakto3.pdf>]
<figures/momdistk6g5.pdf, id=611, 845.1575pt x 597.23125pt>
File: figures/momdistk6g5.pdf Graphic file (type pdf)

<use figures/momdistk6g5.pdf>
Overfull \hbox (95.15965pt too wide) in paragraph at lines 54--55
 [] 
 []

[33
! pdfTeX warning (ext4): destination with the same identifier (name{figure.4.4}
) has been already used, duplicate ignored
<to be read again> 
                   \endgroup \set@typeset@protect 
l.69 ^^I\begin{equation}
                        \label{eq:normalma} <./figures/momdistk6g5.pdf>]
[34] <figures/visu.pdf, id=630, 170.7169pt x 56.90596pt>
File: figures/visu.pdf Graphic file (type pdf)

<use figures/visu.pdf> <figures/width.pdf, id=631, 845.1575pt x 597.23125pt>
File: figures/width.pdf Graphic file (type pdf)

<use figures/width.pdf>
Overfull \hbox (95.15965pt too wide) in paragraph at lines 104--105
 [] 
 []

[35
! pdfTeX warning (ext4): destination with the same identifier (name{figure.4.5}
) has been already used, duplicate ignored
<to be read again> 
                   \endgroup \set@typeset@protect 
l.109 
       <./figures/visu.pdf
Warning: pdflatex (file ./figures/visu.pdf): pdf inclusion: Page Group detected
 which pdfTeX can't handle. Ignoring it.
>] <figures/meanmomk2.pdf, id=674, 656.4525pt x 461.725pt>
File: figures/meanmomk2.pdf Graphic file (type pdf)

<use figures/meanmomk2.pdf>
<figures/meanmomk3.pdf, id=675, 656.4525pt x 461.725pt>
File: figures/meanmomk3.pdf Graphic file (type pdf)

<use figures/meanmomk3.pdf> [36
! pdfTeX warning (ext4): destination with the same identifier (name{figure.4.6}
) has been already used, duplicate ignored
<to be read again> 
                   \endgroup \set@typeset@protect 
l.122 
       <./figures/width.pdf>]
<figures/meanmomk3g5.pdf, id=686, 845.1575pt x 597.23125pt>
File: figures/meanmomk3g5.pdf Graphic file (type pdf)

<use figures/meanmomk3g5.pdf>
Overfull \hbox (95.15965pt too wide) in paragraph at lines 149--150
 [] 
 []

[37
! pdfTeX warning (ext4): destination with the same identifier (name{figure.4.7}
) has been already used, duplicate ignored
<to be read again> 
                   \endgroup \set@typeset@protect 
l.154 
       <./figures/meanmomk2.pdf> <./figures/meanmomk3.pdf>]
<figures/meanmomk3finet.pdf, id=721, 845.1575pt x 597.23125pt>
File: figures/meanmomk3finet.pdf Graphic file (type pdf)

<use figures/meanmomk3finet.pdf>
Overfull \hbox (95.15965pt too wide) in paragraph at lines 159--160
 [] 
 []

[38
! pdfTeX warning (ext4): destination with the same identifier (name{figure.4.8}
) has been already used, duplicate ignored
<to be read again> 
                   \endgroup \set@typeset@protect 
l.164 
       <./figures/meanmomk3g5.pdf>]
<figures/meanmomk4.pdf, id=732, 656.4525pt x 461.725pt>
File: figures/meanmomk4.pdf Graphic file (type pdf)

<use figures/meanmomk4.pdf>
<figures/meanmomk5.pdf, id=733, 656.4525pt x 456.70625pt>
File: figures/meanmomk5.pdf Graphic file (type pdf)

<use figures/meanmomk5.pdf> [39
! pdfTeX warning (ext4): destination with the same identifier (name{figure.4.9}
) has been already used, duplicate ignored
<to be read again> 
                   \endgroup \set@typeset@protect 
l.172 
       <./figures/meanmomk3finet.pdf>]
<figures/meanmomk4g5.pdf, id=742, 845.1575pt x 597.23125pt>
File: figures/meanmomk4g5.pdf Graphic file (type pdf)

<use figures/meanmomk4g5.pdf>
<figures/meanmomk8.pdf, id=743, 845.1575pt x 597.23125pt>
File: figures/meanmomk8.pdf Graphic file (type pdf)

<use figures/meanmomk8.pdf> [40
! pdfTeX warning (ext4): destination with the same identifier (name{figure.4.10
}) has been already used, duplicate ignored
<to be read again> 
                   \endgroup \set@typeset@protect 
l.208 
      
! pdfTeX warning (ext4): destination with the same identifier (name{figure.4.11
}) has been already used, duplicate ignored
<to be read again> 
                   \endgroup \set@typeset@protect 
l.208 
       <./figures/meanmomk4.pdf> <./figures/meanmomk5.pdf> <./figures/meanmomk4
g5.pdf>] <figures/widthnola.pdf, id=777, 845.1575pt x 597.23125pt>
File: figures/widthnola.pdf Graphic file (type pdf)

<use figures/widthnola.pdf>
Overfull \hbox (95.15965pt too wide) in paragraph at lines 215--216
 [] 
 []

[41
! pdfTeX warning (ext4): destination with the same identifier (name{figure.4.12
}) has been already used, duplicate ignored
<to be read again> 
                   \endgroup \set@typeset@protect 
l.220 
       <./figures/meanmomk8.pdf>]
<figures/widthnotrap.pdf, id=789, 845.1575pt x 597.23125pt>
File: figures/widthnotrap.pdf Graphic file (type pdf)

<use figures/widthnotrap.pdf>
Overfull \hbox (95.15965pt too wide) in paragraph at lines 228--229
 [] 
 []

[42
! pdfTeX warning (ext4): destination with the same identifier (name{figure.4.13
}) has been already used, duplicate ignored
<to be read again> 
                   \endgroup \set@typeset@protect 
l.232 \end{figure}
                   <./figures/widthnola.pdf>]
<figures/widthnothing.pdf, id=798, 845.1575pt x 597.23125pt>
File: figures/widthnothing.pdf Graphic file (type pdf)

<use figures/widthnothing.pdf>
Overfull \hbox (95.15965pt too wide) in paragraph at lines 236--237
 [] 
 []

[43
! pdfTeX warning (ext4): destination with the same identifier (name{figure.4.14
}) has been already used, duplicate ignored
<to be read again> 
                   \endgroup \set@typeset@protect 
l.241 
       <./figures/widthnotrap.pdf>]) [44
! pdfTeX warning (ext4): destination with the same identifier (name{figure.4.15
}) has been already used, duplicate ignored
<to be read again> 
                   \endgroup \set@typeset@protect 
l.125 
       <./figures/widthnothing.pdf>] [45] [46

] [47] [48

] (./DA.lof
Overfull \hbox (3.40987pt too wide) in paragraph at lines 5--5
 [][] [][][]/cmr12/A one di-men-sional Bose-Einstein Con-den-sate kicked with a
 strength 
 []

[49])
\tf@lof=\write7
\openout7 = `DA.lof'.

 (./DA.bbl [50]
Missing character: There is no ^^f9 in font cmr12!
 [51

]
Missing character: There is no ^^f9 in font cmr12!
) [52] (./DA.aux)

LaTeX Warning: There were multiply-defined labels.

 ) 
Here is how much of TeX's memory you used:
 3820 strings out of 95287
 51214 string characters out of 1186601
 102767 words of memory out of 1551181
 6599 multiletter control sequences out of 10000+50000
 16895 words of font info for 64 fonts, out of 1000000 for 2000
 22 hyphenation exceptions out of 1000
 28i,12n,43p,2353b,282s stack positions out of 5000i,500n,6000p,200000b,40000s
 909 PDF objects out of 300000
 194 named destinations out of 131072
 409 words of extra memory for PDF output out of 65536
{/usr/local/teTeX/share/texmf.tetex/dvips/tetex/09fbbfac.enc}</usr/local/teTe
X/share/texmf.tetex/fonts/type1/bluesky/cm/cmtt12.pfb></usr/local/teTeX/share/t
exmf.tetex/fonts/type1/public/tt2001/fmex8.pfb>{/usr/local/teTeX/share/texmf.te
tex/dvips/tetex/f7b6d320.enc}</usr/local/teTeX/share/texmf.tetex/fonts/type1/bl
uesky/cm/cmbx8.pfb></usr/local/teTeX/share/texmf.tetex/fonts/type1/bluesky/symb
ols/msbm7.pfb></usr/local/teTeX/share/texmf.tetex/fonts/type1/bluesky/cm/cmtt10
.pfb>{/usr/local/teTeX/share/texmf.tetex/dvips/tetex/aae443f0.enc}</usr/local/t
eTeX/share/texmf.tetex/fonts/type1/bluesky/cm/cmmi10.pfb></usr/local/teTeX/shar
e/texmf.tetex/fonts/type1/bluesky/cm/cmbx10.pfb></usr/local/teTeX/share/texmf.t
etex/fonts/type1/bluesky/cm/cmex10.pfb></usr/local/teTeX/share/texmf.tetex/font
s/type1/bluesky/cm/cmr10.pfb></usr/local/teTeX/share/texmf.tetex/fonts/type1/bl
uesky/cm/cmr7.pfb></usr/local/teTeX/share/texmf.tetex/fonts/type1/bluesky/cm/cm
r6.pfb></usr/local/teTeX/share/texmf.tetex/fonts/type1/bluesky/symbols/msbm10.p
fb>{/usr/local/teTeX/share/texmf.tetex/dvips/tetex/bbad153f.enc}</usr/local/teT
eX/share/texmf.tetex/fonts/type1/bluesky/cm/cmsy8.pfb></usr/local/teTeX/share/t
exmf.tetex/fonts/type1/bluesky/cm/cmsy10.pfb></usr/local/teTeX/share/texmf.tete
x/fonts/type1/bluesky/cm/cmsy6.pfb></usr/local/teTeX/share/texmf.tetex/fonts/ty
pe1/bluesky/cm/cmmi6.pfb></usr/local/teTeX/share/texmf.tetex/fonts/type1/bluesk
y/cm/cmmi8.pfb></usr/local/teTeX/share/texmf.tetex/fonts/type1/bluesky/cm/cmmi1
2.pfb></usr/local/teTeX/share/texmf.tetex/fonts/type1/bluesky/cm/cmr8.pfb>{/usr
/local/teTeX/share/texmf.tetex/dvips/tetex/74afc74c.enc}</usr/local/teTeX/share
/texmf.tetex/fonts/type1/bluesky/cm/cmti12.pfb></usr/local/teTeX/share/texmf.te
tex/fonts/type1/bluesky/cm/cmr12.pfb></usr/local/teTeX/share/texmf.tetex/fonts/
type1/bluesky/cm/cmbx12.pfb>
Output written on DA.pdf (56 pages, 5409398 bytes).
